<?xml version="1.0" encoding="UTF-8" standalone="yes"?>
<testsuites name="Admin" time="7" tests="1" failures="0" errors="0">
    <testsuite name="Admin" tests="1" failures="0" errors="0" time="7" timestamp="2019-09-26 10:46:16" hostname="root - 179fa91b11b9" id="Test Suites/Admin">
        <properties>
            <property name="deviceName" value=""/>
            <property name="devicePlatform" value=""/>
            <property name="logFolder" value="/tmp/katalon_execute/project/Reports/20190926_104614/Admin/20190926_104614"/>
            <property name="logFiles" value="/tmp/katalon_execute/project/Reports/20190926_104614/Admin/20190926_104614/execution0.log"/>
            <property name="attachments" value=""/>
            <property name="hostName" value="root - 179fa91b11b9"/>
            <property name="os" value="Linux 64bit"/>
            <property name="katalonVersion" value="6.3.2.4"/>
            <property name="browser" value="Chrome 77.0.3865.90"/>
            <property name="hostAddress" value="172.18.0.6"/>
            <property name="sessionId" value="c9cce18074c4ade818fffde1d35946ae"/>
            <property name="seleniumVersion" value="3.141.59"/>
            <property name="proxyInformation" value="ProxyInformation{proxyOption=NO_PROXY, proxyServerType=HTTP, password=, proxyServerAddress=, proxyServerPort=0}"/>
            <property name="platform" value="Linux"/>
        </properties>
        <testcase name="Test Cases/UI test cases/Admin change account password successfully" classname="Test Cases/UI test cases/Admin change account password successfully" status="PASSED">
            <system-out>2019-09-26 10:46:16 - [TEST_CASE][PASSED] - Test Cases/UI test cases/Admin change account password successfully: Test Cases/UI test cases/Admin change account password successfully

2019-09-26 10:46:16 - [TEST_STEP][PASSED] - openBrowser(""): Browser is opened with url: ''

2019-09-26 10:46:16 - [MESSAGE][INFO] - Starting 'Chrome' driver

2019-09-26 10:46:16 - [MESSAGE][INFO] - Action delay is set to 0 seconds

2019-09-26 10:46:19 - [MESSAGE][PASSED] - Browser is opened with url: ''

2019-09-26 10:46:19 - [TEST_STEP][PASSED] - navigateToUrl("http://192.168.122.33:8000/en/"): Navigate to 'http://192.168.122.33:8000/en/' successfully

2019-09-26 10:46:20 - [MESSAGE][PASSED] - Navigate to 'http://192.168.122.33:8000/en/' successfully

2019-09-26 10:46:20 - [TEST_STEP][PASSED] - click(findTestObject("Object Repository/Page_Saleor e-commerce/a_Log in")): Object: 'Object Repository/Page_Saleor e-commerce/a_Log in' is clicked on

2019-09-26 10:46:21 - [MESSAGE][PASSED] - Object: 'Object Repository/Page_Saleor e-commerce/a_Log in' is clicked on

2019-09-26 10:46:21 - [TEST_STEP][PASSED] - setText(findTestObject("Object Repository/Page_Log in  Saleor e-commerce/input_Email_username"), "admin@example.com"): Text 'admin@example.com' is set on object 'Object Repository/Page_Log in  Saleor e-commerce/input_Email_username'

2019-09-26 10:46:21 - [MESSAGE][PASSED] - Text 'admin@example.com' is set on object 'Object Repository/Page_Log in  Saleor e-commerce/input_Email_username'

2019-09-26 10:46:21 - [TEST_STEP][PASSED] - setEncryptedText(findTestObject("Object Repository/Page_Log in  Saleor e-commerce/input_Password_password"), "RAIVpflpDOg="): Text ****** has been set on object 'Object Repository/Page_Log in  Saleor e-commerce/input_Password_password'

2019-09-26 10:46:22 - [MESSAGE][PASSED] - Text ****** has been set on object 'Object Repository/Page_Log in  Saleor e-commerce/input_Password_password'

2019-09-26 10:46:22 - [TEST_STEP][PASSED] - click(findTestObject("Object Repository/Page_Log in  Saleor e-commerce/button_Log in")): Object: 'Object Repository/Page_Log in  Saleor e-commerce/button_Log in' is clicked on

2019-09-26 10:46:22 - [MESSAGE][PASSED] - Object: 'Object Repository/Page_Log in  Saleor e-commerce/button_Log in' is clicked on

2019-09-26 10:46:22 - [TEST_STEP][PASSED] - closeBrowser(): Browser is closed

2019-09-26 10:46:23 - [MESSAGE][PASSED] - Browser is closed</system-out>
            <system-err></system-err>
        </testcase>
        <system-out>2019-09-26 10:46:16 - [TEST_SUITE][INCOMPLETE] - Admin: null</system-out>
        <system-err>2019-09-26 10:46:16 - [TEST_SUITE][INCOMPLETE] - Admin: null</system-err>
    </testsuite>
</testsuites>
